<?xml version="1.0" encoding="UTF-8"?>
<!-- Generated by org.testng.reporters.JUnitReportReporter -->
<testsuite skipped="0" hostname="BISHT" name="Regression.TestCase1" tests="2" failures="0" timestamp="29 Apr 2019 15:34:15 GMT" time="10.863" errors="0">
  <testcase name="doLogin" time="10.838" classname="Regression.TestCase1"/>
  <testcase name="ValidateTitle" time="0.025" classname="Regression.TestCase1"/>
</testsuite> <!-- Regression.TestCase1 -->
