<?xml version="1.0" encoding="UTF-8"?>
<!-- Generated by org.testng.reporters.JUnitReportReporter -->
<testsuite skipped="0" hostname="BISHT" name="TestNG.TestCase1" tests="2" failures="0" timestamp="29 Apr 2019 16:02:57 GMT" time="9.582" errors="0">
  <testcase name="doLogin" time="9.562" classname="TestNG.TestCase1"/>
  <testcase name="ValidateTitle" time="0.020" classname="TestNG.TestCase1"/>
</testsuite> <!-- TestNG.TestCase1 -->
