<?xml version="1.0" encoding="UTF-8"?>
<!-- Generated by org.testng.reporters.JUnitReportReporter -->
<testsuite skipped="0" hostname="BISHT" name="TestNG.TestCase2" tests="1" failures="0" timestamp="29 Apr 2019 16:02:57 GMT" time="6.625" errors="0">
  <testcase name="doLogin" time="6.625" classname="TestNG.TestCase2"/>
</testsuite> <!-- TestNG.TestCase2 -->
